c:\users\miyako\desktop\msvc-lha\x64\release\lha.pdb
c:\users\miyako\desktop\msvc-lha\x64\release\null_decoder.obj
c:\users\miyako\desktop\msvc-lha\x64\release\macbinary.obj
c:\users\miyako\desktop\msvc-lha\x64\release\lzs_decoder.obj
c:\users\miyako\desktop\msvc-lha\x64\release\lz5_decoder.obj
c:\users\miyako\desktop\msvc-lha\x64\release\lh_new_decoder.obj
c:\users\miyako\desktop\msvc-lha\x64\release\lhx_decoder.obj
c:\users\miyako\desktop\msvc-lha\x64\release\lha_reader.obj
c:\users\miyako\desktop\msvc-lha\x64\release\lha_input_stream.obj
c:\users\miyako\desktop\msvc-lha\x64\release\lha_file_header.obj
c:\users\miyako\desktop\msvc-lha\x64\release\lha_endian.obj
c:\users\miyako\desktop\msvc-lha\x64\release\lha_decoder.obj
c:\users\miyako\desktop\msvc-lha\x64\release\lha_basic_reader.obj
c:\users\miyako\desktop\msvc-lha\x64\release\lha_arch_win32.obj
c:\users\miyako\desktop\msvc-lha\x64\release\lha_arch_unix.obj
c:\users\miyako\desktop\msvc-lha\x64\release\lh7_decoder.obj
c:\users\miyako\desktop\msvc-lha\x64\release\lh6_decoder.obj
c:\users\miyako\desktop\msvc-lha\x64\release\lh5_decoder.obj
c:\users\miyako\desktop\msvc-lha\x64\release\lh1_decoder.obj
c:\users\miyako\desktop\msvc-lha\x64\release\ext_header.obj
c:\users\miyako\desktop\msvc-lha\x64\release\crc16.obj
c:\users\miyako\desktop\msvc-lha\x64\release\pm2_decoder.obj
c:\users\miyako\desktop\msvc-lha\x64\release\pm1_decoder.obj
c:\users\miyako\desktop\msvc-lha\x64\release\lha.lib
c:\users\miyako\desktop\msvc-lha\x64\release\lha.tlog\cl.command.1.tlog
c:\users\miyako\desktop\msvc-lha\x64\release\lha.tlog\cl.read.1.tlog
c:\users\miyako\desktop\msvc-lha\x64\release\lha.tlog\cl.write.1.tlog
c:\users\miyako\desktop\msvc-lha\x64\release\lha.tlog\lib-link.read.1.tlog
c:\users\miyako\desktop\msvc-lha\x64\release\lha.tlog\lib-link.write.1.tlog
c:\users\miyako\desktop\msvc-lha\x64\release\lha.tlog\lib.command.1.tlog
